[debug] [2026-04-16T23:11:59.229Z] ----------------------------------------------------------------------
[debug] [2026-04-16T23:11:59.231Z] Command:       /Users/illiababak/.nvm/versions/node/v24.11.1/bin/node /Users/illiababak/.nvm/versions/node/v24.11.1/bin/firebase emulators:start --only auth
[debug] [2026-04-16T23:11:59.231Z] CLI Version:   15.15.0
[debug] [2026-04-16T23:11:59.231Z] Platform:      darwin
[debug] [2026-04-16T23:11:59.231Z] Node Version:  v24.11.1
[debug] [2026-04-16T23:11:59.231Z] Time:          Fri Apr 17 2026 01:11:59 GMT+0200 (Central European Summer Time)
[debug] [2026-04-16T23:11:59.231Z] ----------------------------------------------------------------------
[debug] 
[debug] [2026-04-16T23:11:59.842Z] Object "" in "firebase.json" has unknown property: {"additionalProperty":"react-native"}
[debug] [2026-04-16T23:11:59.846Z] > command requires scopes: ["email","openid","https://www.googleapis.com/auth/cloudplatformprojects.readonly","https://www.googleapis.com/auth/firebase","https://www.googleapis.com/auth/cloud-platform"]
[debug] [2026-04-16T23:11:59.846Z] > authorizing via signed-in user (illiababak776@gmail.com)
[info] i  emulators: Starting emulators: auth {"metadata":{"emulator":{"name":"hub"},"message":"Starting emulators: auth"}}
[debug] [2026-04-16T23:12:00.010Z] [logging] Logging Emulator only supports listening on one address (127.0.0.1). Not listening on ::1
[debug] [2026-04-16T23:12:00.010Z] [auth] Authentication Emulator only supports listening on one address (127.0.0.1). Not listening on ::1
[debug] [2026-04-16T23:12:00.010Z] assigned listening specs for emulators {"user":{"hub":[{"address":"127.0.0.1","family":"IPv4","port":4400},{"address":"::1","family":"IPv6","port":4400}],"ui":[{"address":"127.0.0.1","family":"IPv4","port":4000},{"address":"::1","family":"IPv6","port":4000}],"logging":[{"address":"127.0.0.1","family":"IPv4","port":4500}],"auth":[{"address":"127.0.0.1","family":"IPv4","port":9099}]},"metadata":{"message":"assigned listening specs for emulators"}}
[debug] [2026-04-16T23:12:00.014Z] Write emulator hub locator at /var/folders/t3/4sft34ns2q1dn_p3byxpdy_m0000gn/T/hub-e-messanger-5d361.json
[info] i  ui: downloading ui-v1.15.0.zip... {"metadata":{"emulator":{"name":"ui"},"message":"downloading ui-v1.15.0.zip..."}}
[debug] [2026-04-16T23:12:02.644Z] >>> [apiv2][query] GET https://storage.googleapis.com/firebase-preview-drop/emulator/ui-v1.15.0.zip 
[debug] [2026-04-16T23:12:02.758Z] <<< [apiv2][status] GET https://storage.googleapis.com/firebase-preview-drop/emulator/ui-v1.15.0.zip 200
[debug] [2026-04-16T23:12:02.758Z] <<< [apiv2][body] GET https://storage.googleapis.com/firebase-preview-drop/emulator/ui-v1.15.0.zip [stream]
[debug] [2026-04-16T23:12:02.913Z] Data is 3538469
[debug] [2026-04-16T23:12:02.913Z] [unzip] Entry: client/ (compressed_size=0 bytes, uncompressed_size=0 bytes)
[debug] [2026-04-16T23:12:02.913Z] [unzip] Processing entry: client/
[debug] [2026-04-16T23:12:02.913Z] [unzip] mkdir: /Users/illiababak/.cache/firebase/emulators/ui-v1.15.0/client/
[debug] [2026-04-16T23:12:02.914Z] [unzip] Entry: client/favicon-16x16.png (compressed_size=293 bytes, uncompressed_size=293 bytes)
[debug] [2026-04-16T23:12:02.914Z] [unzip] Processing entry: client/favicon-16x16.png
[debug] [2026-04-16T23:12:02.914Z] [unzip] else mkdir: /Users/illiababak/.cache/firebase/emulators/ui-v1.15.0/client
[debug] [2026-04-16T23:12:02.914Z] [unzip] Writing file: /Users/illiababak/.cache/firebase/emulators/ui-v1.15.0/client/favicon-16x16.png
[debug] [2026-04-16T23:12:02.914Z] [unzip] Entry: client/safari-pinned-tab.svg (compressed_size=1433 bytes, uncompressed_size=2611 bytes)
[debug] [2026-04-16T23:12:02.914Z] [unzip] Processing entry: client/safari-pinned-tab.svg
[debug] [2026-04-16T23:12:02.914Z] [unzip] else mkdir: /Users/illiababak/.cache/firebase/emulators/ui-v1.15.0/client
[debug] [2026-04-16T23:12:02.915Z] [unzip] deflating: /Users/illiababak/.cache/firebase/emulators/ui-v1.15.0/client/safari-pinned-tab.svg
[debug] [2026-04-16T23:12:02.917Z] [unzip] Entry: client/favicon.ico (compressed_size=2933 bytes, uncompressed_size=13294 bytes)
[debug] [2026-04-16T23:12:02.917Z] [unzip] Processing entry: client/favicon.ico
[debug] [2026-04-16T23:12:02.917Z] [unzip] else mkdir: /Users/illiababak/.cache/firebase/emulators/ui-v1.15.0/client
[debug] [2026-04-16T23:12:02.917Z] [unzip] deflating: /Users/illiababak/.cache/firebase/emulators/ui-v1.15.0/client/favicon.ico
[debug] [2026-04-16T23:12:02.918Z] [unzip] Entry: client/index.html (compressed_size=1364 bytes, uncompressed_size=3071 bytes)
[debug] [2026-04-16T23:12:02.918Z] [unzip] Processing entry: client/index.html
[debug] [2026-04-16T23:12:02.918Z] [unzip] else mkdir: /Users/illiababak/.cache/firebase/emulators/ui-v1.15.0/client
[debug] [2026-04-16T23:12:02.918Z] [unzip] deflating: /Users/illiababak/.cache/firebase/emulators/ui-v1.15.0/client/index.html
[debug] [2026-04-16T23:12:02.919Z] [unzip] Entry: client/android-chrome-192x192.png (compressed_size=2684 bytes, uncompressed_size=2684 bytes)
[debug] [2026-04-16T23:12:02.919Z] [unzip] Processing entry: client/android-chrome-192x192.png
[debug] [2026-04-16T23:12:02.919Z] [unzip] else mkdir: /Users/illiababak/.cache/firebase/emulators/ui-v1.15.0/client
[debug] [2026-04-16T23:12:02.919Z] [unzip] Writing file: /Users/illiababak/.cache/firebase/emulators/ui-v1.15.0/client/android-chrome-192x192.png
[debug] [2026-04-16T23:12:02.919Z] [unzip] Entry: client/apple-touch-icon.png (compressed_size=2123 bytes, uncompressed_size=2152 bytes)
[debug] [2026-04-16T23:12:02.919Z] [unzip] Processing entry: client/apple-touch-icon.png
[debug] [2026-04-16T23:12:02.919Z] [unzip] else mkdir: /Users/illiababak/.cache/firebase/emulators/ui-v1.15.0/client
[debug] [2026-04-16T23:12:02.919Z] [unzip] deflating: /Users/illiababak/.cache/firebase/emulators/ui-v1.15.0/client/apple-touch-icon.png
[debug] [2026-04-16T23:12:02.920Z] [unzip] Entry: client/android-chrome-512x512.png (compressed_size=5369 bytes, uncompressed_size=5411 bytes)
[debug] [2026-04-16T23:12:02.920Z] [unzip] Processing entry: client/android-chrome-512x512.png
[debug] [2026-04-16T23:12:02.920Z] [unzip] else mkdir: /Users/illiababak/.cache/firebase/emulators/ui-v1.15.0/client
[debug] [2026-04-16T23:12:02.920Z] [unzip] deflating: /Users/illiababak/.cache/firebase/emulators/ui-v1.15.0/client/android-chrome-512x512.png
[debug] [2026-04-16T23:12:02.921Z] [unzip] Entry: client/manifest.json (compressed_size=245 bytes, uncompressed_size=551 bytes)
[debug] [2026-04-16T23:12:02.921Z] [unzip] Processing entry: client/manifest.json
[debug] [2026-04-16T23:12:02.921Z] [unzip] else mkdir: /Users/illiababak/.cache/firebase/emulators/ui-v1.15.0/client
[debug] [2026-04-16T23:12:02.921Z] [unzip] deflating: /Users/illiababak/.cache/firebase/emulators/ui-v1.15.0/client/manifest.json
[debug] [2026-04-16T23:12:02.921Z] [unzip] Entry: client/robots.txt (compressed_size=26 bytes, uncompressed_size=26 bytes)
[debug] [2026-04-16T23:12:02.922Z] [unzip] Processing entry: client/robots.txt
[debug] [2026-04-16T23:12:02.922Z] [unzip] else mkdir: /Users/illiababak/.cache/firebase/emulators/ui-v1.15.0/client
[debug] [2026-04-16T23:12:02.922Z] [unzip] Writing file: /Users/illiababak/.cache/firebase/emulators/ui-v1.15.0/client/robots.txt
[debug] [2026-04-16T23:12:02.922Z] [unzip] Entry: client/mstile-150x150.png (compressed_size=2034 bytes, uncompressed_size=2034 bytes)
[debug] [2026-04-16T23:12:02.922Z] [unzip] Processing entry: client/mstile-150x150.png
[debug] [2026-04-16T23:12:02.922Z] [unzip] else mkdir: /Users/illiababak/.cache/firebase/emulators/ui-v1.15.0/client
[debug] [2026-04-16T23:12:02.922Z] [unzip] Writing file: /Users/illiababak/.cache/firebase/emulators/ui-v1.15.0/client/mstile-150x150.png
[debug] [2026-04-16T23:12:02.922Z] [unzip] Entry: client/assets/ (compressed_size=0 bytes, uncompressed_size=0 bytes)
[debug] [2026-04-16T23:12:02.922Z] [unzip] Processing entry: client/assets/
[debug] [2026-04-16T23:12:02.922Z] [unzip] mkdir: /Users/illiababak/.cache/firebase/emulators/ui-v1.15.0/client/assets/
[debug] [2026-04-16T23:12:02.922Z] [unzip] Entry: client/assets/index-BX-A56oj.js (compressed_size=582089 bytes, uncompressed_size=2092775 bytes)
[debug] [2026-04-16T23:12:02.922Z] [unzip] Processing entry: client/assets/index-BX-A56oj.js
[debug] [2026-04-16T23:12:02.922Z] [unzip] else mkdir: /Users/illiababak/.cache/firebase/emulators/ui-v1.15.0/client/assets
[debug] [2026-04-16T23:12:02.923Z] [unzip] deflating: /Users/illiababak/.cache/firebase/emulators/ui-v1.15.0/client/assets/index-BX-A56oj.js
[debug] [2026-04-16T23:12:02.931Z] [unzip] Entry: client/assets/index-CjB9C900.css (compressed_size=35979 bytes, uncompressed_size=298654 bytes)
[debug] [2026-04-16T23:12:02.931Z] [unzip] Processing entry: client/assets/index-CjB9C900.css
[debug] [2026-04-16T23:12:02.931Z] [unzip] else mkdir: /Users/illiababak/.cache/firebase/emulators/ui-v1.15.0/client/assets
[debug] [2026-04-16T23:12:02.931Z] [unzip] deflating: /Users/illiababak/.cache/firebase/emulators/ui-v1.15.0/client/assets/index-CjB9C900.css
[debug] [2026-04-16T23:12:02.933Z] [unzip] Entry: client/assets/index-BX-A56oj.js.map (compressed_size=2362482 bytes, uncompressed_size=10036679 bytes)
[debug] [2026-04-16T23:12:02.933Z] [unzip] Processing entry: client/assets/index-BX-A56oj.js.map
[debug] [2026-04-16T23:12:02.933Z] [unzip] else mkdir: /Users/illiababak/.cache/firebase/emulators/ui-v1.15.0/client/assets
[debug] [2026-04-16T23:12:02.933Z] [unzip] deflating: /Users/illiababak/.cache/firebase/emulators/ui-v1.15.0/client/assets/index-BX-A56oj.js.map
[debug] [2026-04-16T23:12:02.963Z] [unzip] Entry: client/assets/extensions/ (compressed_size=0 bytes, uncompressed_size=0 bytes)
[debug] [2026-04-16T23:12:02.963Z] [unzip] Processing entry: client/assets/extensions/
[debug] [2026-04-16T23:12:02.963Z] [unzip] mkdir: /Users/illiababak/.cache/firebase/emulators/ui-v1.15.0/client/assets/extensions/
[debug] [2026-04-16T23:12:02.963Z] [unzip] Entry: client/assets/extensions/default-extension.png (compressed_size=1646 bytes, uncompressed_size=1657 bytes)
[debug] [2026-04-16T23:12:02.963Z] [unzip] Processing entry: client/assets/extensions/default-extension.png
[debug] [2026-04-16T23:12:02.963Z] [unzip] else mkdir: /Users/illiababak/.cache/firebase/emulators/ui-v1.15.0/client/assets/extensions
[debug] [2026-04-16T23:12:02.963Z] [unzip] deflating: /Users/illiababak/.cache/firebase/emulators/ui-v1.15.0/client/assets/extensions/default-extension.png
[debug] [2026-04-16T23:12:02.964Z] [unzip] Entry: client/assets/img/ (compressed_size=0 bytes, uncompressed_size=0 bytes)
[debug] [2026-04-16T23:12:02.964Z] [unzip] Processing entry: client/assets/img/
[debug] [2026-04-16T23:12:02.964Z] [unzip] mkdir: /Users/illiababak/.cache/firebase/emulators/ui-v1.15.0/client/assets/img/
[debug] [2026-04-16T23:12:02.964Z] [unzip] Entry: client/assets/img/database.png (compressed_size=29449 bytes, uncompressed_size=29988 bytes)
[debug] [2026-04-16T23:12:02.964Z] [unzip] Processing entry: client/assets/img/database.png
[debug] [2026-04-16T23:12:02.964Z] [unzip] else mkdir: /Users/illiababak/.cache/firebase/emulators/ui-v1.15.0/client/assets/img
[debug] [2026-04-16T23:12:02.964Z] [unzip] deflating: /Users/illiababak/.cache/firebase/emulators/ui-v1.15.0/client/assets/img/database.png
[debug] [2026-04-16T23:12:02.964Z] [unzip] Entry: client/assets/provider-icons/ (compressed_size=0 bytes, uncompressed_size=0 bytes)
[debug] [2026-04-16T23:12:02.964Z] [unzip] Processing entry: client/assets/provider-icons/
[debug] [2026-04-16T23:12:02.964Z] [unzip] mkdir: /Users/illiababak/.cache/firebase/emulators/ui-v1.15.0/client/assets/provider-icons/
[debug] [2026-04-16T23:12:02.965Z] [unzip] Entry: client/assets/provider-icons/auth_service_saml.svg (compressed_size=575 bytes, uncompressed_size=1226 bytes)
[debug] [2026-04-16T23:12:02.965Z] [unzip] Processing entry: client/assets/provider-icons/auth_service_saml.svg
[debug] [2026-04-16T23:12:02.965Z] [unzip] else mkdir: /Users/illiababak/.cache/firebase/emulators/ui-v1.15.0/client/assets/provider-icons
[debug] [2026-04-16T23:12:02.965Z] [unzip] deflating: /Users/illiababak/.cache/firebase/emulators/ui-v1.15.0/client/assets/provider-icons/auth_service_saml.svg
[debug] [2026-04-16T23:12:02.965Z] [unzip] Entry: client/assets/provider-icons/auth_service_phone.svg (compressed_size=261 bytes, uncompressed_size=414 bytes)
[debug] [2026-04-16T23:12:02.965Z] [unzip] Processing entry: client/assets/provider-icons/auth_service_phone.svg
[debug] [2026-04-16T23:12:02.965Z] [unzip] else mkdir: /Users/illiababak/.cache/firebase/emulators/ui-v1.15.0/client/assets/provider-icons
[debug] [2026-04-16T23:12:02.965Z] [unzip] deflating: /Users/illiababak/.cache/firebase/emulators/ui-v1.15.0/client/assets/provider-icons/auth_service_phone.svg
[debug] [2026-04-16T23:12:02.965Z] [unzip] Entry: client/assets/provider-icons/auth_service_facebook.svg (compressed_size=289 bytes, uncompressed_size=457 bytes)
[debug] [2026-04-16T23:12:02.965Z] [unzip] Processing entry: client/assets/provider-icons/auth_service_facebook.svg
[debug] [2026-04-16T23:12:02.965Z] [unzip] else mkdir: /Users/illiababak/.cache/firebase/emulators/ui-v1.15.0/client/assets/provider-icons
[debug] [2026-04-16T23:12:02.965Z] [unzip] deflating: /Users/illiababak/.cache/firebase/emulators/ui-v1.15.0/client/assets/provider-icons/auth_service_facebook.svg
[debug] [2026-04-16T23:12:02.966Z] [unzip] Entry: client/assets/provider-icons/auth_service_game_center.svg (compressed_size=991 bytes, uncompressed_size=3921 bytes)
[debug] [2026-04-16T23:12:02.966Z] [unzip] Processing entry: client/assets/provider-icons/auth_service_game_center.svg
[debug] [2026-04-16T23:12:02.966Z] [unzip] else mkdir: /Users/illiababak/.cache/firebase/emulators/ui-v1.15.0/client/assets/provider-icons
[debug] [2026-04-16T23:12:02.966Z] [unzip] deflating: /Users/illiababak/.cache/firebase/emulators/ui-v1.15.0/client/assets/provider-icons/auth_service_game_center.svg
[debug] [2026-04-16T23:12:02.966Z] [unzip] Entry: client/assets/provider-icons/auth_service_apple.svg (compressed_size=230 bytes, uncompressed_size=334 bytes)
[debug] [2026-04-16T23:12:02.966Z] [unzip] Processing entry: client/assets/provider-icons/auth_service_apple.svg
[debug] [2026-04-16T23:12:02.966Z] [unzip] else mkdir: /Users/illiababak/.cache/firebase/emulators/ui-v1.15.0/client/assets/provider-icons
[debug] [2026-04-16T23:12:02.966Z] [unzip] deflating: /Users/illiababak/.cache/firebase/emulators/ui-v1.15.0/client/assets/provider-icons/auth_service_apple.svg
[debug] [2026-04-16T23:12:02.966Z] [unzip] Entry: client/assets/provider-icons/auth_service_github.svg (compressed_size=466 bytes, uncompressed_size=838 bytes)
[debug] [2026-04-16T23:12:02.966Z] [unzip] Processing entry: client/assets/provider-icons/auth_service_github.svg
[debug] [2026-04-16T23:12:02.966Z] [unzip] else mkdir: /Users/illiababak/.cache/firebase/emulators/ui-v1.15.0/client/assets/provider-icons
[debug] [2026-04-16T23:12:02.966Z] [unzip] deflating: /Users/illiababak/.cache/firebase/emulators/ui-v1.15.0/client/assets/provider-icons/auth_service_github.svg
[debug] [2026-04-16T23:12:02.967Z] [unzip] Entry: client/assets/provider-icons/auth_service_mslive.svg (compressed_size=203 bytes, uncompressed_size=378 bytes)
[debug] [2026-04-16T23:12:02.967Z] [unzip] Processing entry: client/assets/provider-icons/auth_service_mslive.svg
[debug] [2026-04-16T23:12:02.967Z] [unzip] else mkdir: /Users/illiababak/.cache/firebase/emulators/ui-v1.15.0/client/assets/provider-icons
[debug] [2026-04-16T23:12:02.967Z] [unzip] deflating: /Users/illiababak/.cache/firebase/emulators/ui-v1.15.0/client/assets/provider-icons/auth_service_mslive.svg
[debug] [2026-04-16T23:12:02.967Z] [unzip] Entry: client/assets/provider-icons/auth_service_yahoo.svg (compressed_size=577 bytes, uncompressed_size=1182 bytes)
[debug] [2026-04-16T23:12:02.967Z] [unzip] Processing entry: client/assets/provider-icons/auth_service_yahoo.svg
[debug] [2026-04-16T23:12:02.967Z] [unzip] else mkdir: /Users/illiababak/.cache/firebase/emulators/ui-v1.15.0/client/assets/provider-icons
[debug] [2026-04-16T23:12:02.967Z] [unzip] deflating: /Users/illiababak/.cache/firebase/emulators/ui-v1.15.0/client/assets/provider-icons/auth_service_yahoo.svg
[debug] [2026-04-16T23:12:02.967Z] [unzip] Entry: client/assets/provider-icons/auth_service_twitter.svg (compressed_size=444 bytes, uncompressed_size=751 bytes)
[debug] [2026-04-16T23:12:02.967Z] [unzip] Processing entry: client/assets/provider-icons/auth_service_twitter.svg
[debug] [2026-04-16T23:12:02.967Z] [unzip] else mkdir: /Users/illiababak/.cache/firebase/emulators/ui-v1.15.0/client/assets/provider-icons
[debug] [2026-04-16T23:12:02.967Z] [unzip] deflating: /Users/illiababak/.cache/firebase/emulators/ui-v1.15.0/client/assets/provider-icons/auth_service_twitter.svg
[debug] [2026-04-16T23:12:02.967Z] [unzip] Entry: client/assets/provider-icons/auth_service_play_games.svg (compressed_size=565 bytes, uncompressed_size=1173 bytes)
[debug] [2026-04-16T23:12:02.967Z] [unzip] Processing entry: client/assets/provider-icons/auth_service_play_games.svg
[debug] [2026-04-16T23:12:02.967Z] [unzip] else mkdir: /Users/illiababak/.cache/firebase/emulators/ui-v1.15.0/client/assets/provider-icons
[debug] [2026-04-16T23:12:02.968Z] [unzip] deflating: /Users/illiababak/.cache/firebase/emulators/ui-v1.15.0/client/assets/provider-icons/auth_service_play_games.svg
[debug] [2026-04-16T23:12:02.968Z] [unzip] Entry: client/assets/provider-icons/auth_service_email.svg (compressed_size=228 bytes, uncompressed_size=326 bytes)
[debug] [2026-04-16T23:12:02.968Z] [unzip] Processing entry: client/assets/provider-icons/auth_service_email.svg
[debug] [2026-04-16T23:12:02.968Z] [unzip] else mkdir: /Users/illiababak/.cache/firebase/emulators/ui-v1.15.0/client/assets/provider-icons
[debug] [2026-04-16T23:12:02.968Z] [unzip] deflating: /Users/illiababak/.cache/firebase/emulators/ui-v1.15.0/client/assets/provider-icons/auth_service_email.svg
[debug] [2026-04-16T23:12:02.968Z] [unzip] Entry: client/assets/provider-icons/auth_service_google.svg (compressed_size=409 bytes, uncompressed_size=720 bytes)
[debug] [2026-04-16T23:12:02.968Z] [unzip] Processing entry: client/assets/provider-icons/auth_service_google.svg
[debug] [2026-04-16T23:12:02.968Z] [unzip] else mkdir: /Users/illiababak/.cache/firebase/emulators/ui-v1.15.0/client/assets/provider-icons
[debug] [2026-04-16T23:12:02.968Z] [unzip] deflating: /Users/illiababak/.cache/firebase/emulators/ui-v1.15.0/client/assets/provider-icons/auth_service_google.svg
[debug] [2026-04-16T23:12:02.968Z] [unzip] Entry: client/assets/provider-icons/auth_service_oidc.svg (compressed_size=414 bytes, uncompressed_size=858 bytes)
[debug] [2026-04-16T23:12:02.969Z] [unzip] Processing entry: client/assets/provider-icons/auth_service_oidc.svg
[debug] [2026-04-16T23:12:02.969Z] [unzip] else mkdir: /Users/illiababak/.cache/firebase/emulators/ui-v1.15.0/client/assets/provider-icons
[debug] [2026-04-16T23:12:02.969Z] [unzip] deflating: /Users/illiababak/.cache/firebase/emulators/ui-v1.15.0/client/assets/provider-icons/auth_service_oidc.svg
[debug] [2026-04-16T23:12:02.969Z] [unzip] Entry: client/browserconfig.xml (compressed_size=491 bytes, uncompressed_size=822 bytes)
[debug] [2026-04-16T23:12:02.969Z] [unzip] Processing entry: client/browserconfig.xml
[debug] [2026-04-16T23:12:02.969Z] [unzip] else mkdir: /Users/illiababak/.cache/firebase/emulators/ui-v1.15.0/client
[debug] [2026-04-16T23:12:02.969Z] [unzip] deflating: /Users/illiababak/.cache/firebase/emulators/ui-v1.15.0/client/browserconfig.xml
[debug] [2026-04-16T23:12:02.969Z] [unzip] Entry: client/favicon-32x32.png (compressed_size=475 bytes, uncompressed_size=475 bytes)
[debug] [2026-04-16T23:12:02.969Z] [unzip] Processing entry: client/favicon-32x32.png
[debug] [2026-04-16T23:12:02.969Z] [unzip] else mkdir: /Users/illiababak/.cache/firebase/emulators/ui-v1.15.0/client
[debug] [2026-04-16T23:12:02.969Z] [unzip] Writing file: /Users/illiababak/.cache/firebase/emulators/ui-v1.15.0/client/favicon-32x32.png
[debug] [2026-04-16T23:12:02.969Z] [unzip] Entry: server/ (compressed_size=0 bytes, uncompressed_size=0 bytes)
[debug] [2026-04-16T23:12:02.969Z] [unzip] Processing entry: server/
[debug] [2026-04-16T23:12:02.969Z] [unzip] mkdir: /Users/illiababak/.cache/firebase/emulators/ui-v1.15.0/server/
[debug] [2026-04-16T23:12:02.969Z] [unzip] Entry: server/server.mjs.map (compressed_size=217845 bytes, uncompressed_size=944978 bytes)
[debug] [2026-04-16T23:12:02.969Z] [unzip] Processing entry: server/server.mjs.map
[debug] [2026-04-16T23:12:02.969Z] [unzip] else mkdir: /Users/illiababak/.cache/firebase/emulators/ui-v1.15.0/server
[debug] [2026-04-16T23:12:02.970Z] [unzip] deflating: /Users/illiababak/.cache/firebase/emulators/ui-v1.15.0/server/server.mjs.map
[debug] [2026-04-16T23:12:02.972Z] [unzip] Entry: server/server.mjs (compressed_size=276407 bytes, uncompressed_size=933701 bytes)
[debug] [2026-04-16T23:12:02.972Z] [unzip] Processing entry: server/server.mjs
[debug] [2026-04-16T23:12:02.972Z] [unzip] else mkdir: /Users/illiababak/.cache/firebase/emulators/ui-v1.15.0/server
[debug] [2026-04-16T23:12:02.972Z] [unzip] deflating: /Users/illiababak/.cache/firebase/emulators/ui-v1.15.0/server/server.mjs
[debug] [2026-04-16T23:12:02.978Z] Could not find VSCode notification endpoint: FetchError: request to http://localhost:40001/vscode/notify failed, reason: . If you are not running the Firebase SQL Connect VSCode extension, this is expected and not an issue.
[info] 
┌─────────────────────────────────────────────────────────────┐
│ ✔  All emulators ready! It is now safe to connect your app. │
│ i  View Emulator UI at http://127.0.0.1:4000/               │
└─────────────────────────────────────────────────────────────┘

┌────────────────┬────────────────┬────────────────────────────┐
│ Emulator       │ Host:Port      │ View in Emulator UI        │
├────────────────┼────────────────┼────────────────────────────┤
│ Authentication │ 127.0.0.1:9099 │ http://127.0.0.1:4000/auth │
└────────────────┴────────────────┴────────────────────────────┘
  Emulator Hub host: 127.0.0.1 port: 4400
  Other reserved ports: 4500

Issues? Report them at https://github.com/firebase/firebase-tools/issues and attach the *-debug.log files.
 
